<?xml version="1.0" encoding="UTF-8"?>
<!-- Generated by org.testng.reporters.JUnitReportReporter -->
<testsuite hostname="DESKTOP-266O6G1" failures="0" tests="1" name="com.runner.TestRunner" time="34.255" errors="0" timestamp="2025-09-13T15:19:57 IST" skipped="0">
  <testcase classname="com.runner.TestRunner" name="runScenario" time="34.255"/>
</testsuite> <!-- com.runner.TestRunner -->
