<?xml version="1.0" encoding="UTF-8"?>
<!-- Generated by org.testng.reporters.JUnitReportReporter -->
<testsuite hostname="DESKTOP-266O6G1" failures="0" tests="3" name="runner.Testrunner" time="0.162" errors="3" timestamp="2025-09-10T12:44:29 IST" skipped="0">
  <testcase classname="runner.Testrunner" name="runScenario" time="0.138">
    <error message="Cannot invoke &quot;java.util.Properties.getProperty(String)&quot; because &quot;com.setup.Base.properties&quot; is null" type="java.lang.NullPointerException">
      <![CDATA[java.lang.NullPointerException: Cannot invoke "java.util.Properties.getProperty(String)" because "com.setup.Base.properties" is null
at com.setup.Base.launchBrowser(Base.java:28)
at com.stepdefinitions.Hooks.setUp(Hooks.java:43)
]]>
    </error>
  </testcase> <!-- runScenario -->
  <testcase classname="runner.Testrunner" name="runScenario" time="0.011">
    <error message="Cannot invoke &quot;java.util.Properties.getProperty(String)&quot; because &quot;com.setup.Base.properties&quot; is null" type="java.lang.NullPointerException">
      <![CDATA[java.lang.NullPointerException: Cannot invoke "java.util.Properties.getProperty(String)" because "com.setup.Base.properties" is null
at com.setup.Base.launchBrowser(Base.java:28)
at com.stepdefinitions.Hooks.setUp(Hooks.java:43)
]]>
    </error>
  </testcase> <!-- runScenario -->
  <testcase classname="runner.Testrunner" name="runScenario" time="0.013">
    <error message="Cannot invoke &quot;java.util.Properties.getProperty(String)&quot; because &quot;com.setup.Base.properties&quot; is null" type="java.lang.NullPointerException">
      <![CDATA[java.lang.NullPointerException: Cannot invoke "java.util.Properties.getProperty(String)" because "com.setup.Base.properties" is null
at com.setup.Base.launchBrowser(Base.java:28)
at com.stepdefinitions.Hooks.setUp(Hooks.java:43)
]]>
    </error>
  </testcase> <!-- runScenario -->
</testsuite> <!-- runner.Testrunner -->
